<?xml version="1.0" encoding="UTF-8"?>
<!-- Generated by org.testng.reporters.JUnitReportReporter -->
<testsuite hostname="ATLPL006L" name="com.BullToken.TestClasses.LoginTest" tests="2" failures="0" timestamp="1 Feb 2018 09:23:05 GMT" time="4.390" errors="0">
  <testcase name="verifyLoginWithInvalidUserCredentials" time="3.580" classname="com.BullToken.TestClasses.LoginTest"/>
  <testcase name="verifyLoginWithvalidCredentials" time="0.810" classname="com.BullToken.TestClasses.LoginTest"/>
</testsuite> <!-- com.BullToken.TestClasses.LoginTest -->
