<?xml version="1.0" encoding="UTF-8"?>
<!-- Generated by org.testng.reporters.JUnitReportReporter -->
<testsuite hostname="ATLPL006L" name="com.BullToken.TestClasses.ICOSubmissionTest" tests="2" failures="0" timestamp="6 Feb 2018 09:04:36 GMT" time="9.054" errors="0">
  <testcase name="SumbitBasicICODetailTest" time="5.015" classname="com.BullToken.TestClasses.ICOSubmissionTest"/>
  <testcase name="TestEmptyFieldValidation" time="4.039" classname="com.BullToken.TestClasses.ICOSubmissionTest"/>
</testsuite> <!-- com.BullToken.TestClasses.ICOSubmissionTest -->
