<?xml version="1.0" encoding="UTF-8"?>
<!-- Generated by org.testng.reporters.JUnitReportReporter -->
<testsuite hostname="ATLPL006L" name="com.BullToken.TestClasses.ICOSubmissionTest" tests="2" failures="0" timestamp="1 Feb 2018 09:23:05 GMT" time="7.538" errors="0">
  <testcase name="TestEmptyFieldValidation" time="3.028" classname="com.BullToken.TestClasses.ICOSubmissionTest"/>
  <testcase name="SumbitBasicICODetailTest" time="4.510" classname="com.BullToken.TestClasses.ICOSubmissionTest"/>
</testsuite> <!-- com.BullToken.TestClasses.ICOSubmissionTest -->
