<?xml version="1.0" encoding="UTF-8"?>
<!-- Generated by org.testng.reporters.JUnitReportReporter -->
<testsuite hostname="ATLPL006L" name="com.BullToken.TestClasses.LoginTest" tests="2" failures="0" timestamp="6 Feb 2018 09:04:36 GMT" time="6.017" errors="0">
  <testcase name="verifyLoginWithInvalidUserCredentials" time="5.324" classname="com.BullToken.TestClasses.LoginTest"/>
  <testcase name="verifyLoginWithvalidCredentials" time="0.693" classname="com.BullToken.TestClasses.LoginTest"/>
</testsuite> <!-- com.BullToken.TestClasses.LoginTest -->
